21:18:47: Creating resource group General
21:18:47: Creating resource group Internal
21:18:47: Creating resource group Autodetect
21:18:47: Registering ResourceManager for type Mesh
21:18:47: Registering ResourceManager for type Material
21:18:47: Registering ResourceManager for type Skeleton
21:18:47: XMLMeshSerializer reading mesh data from Cylinder.001.mesh.xml...
21:18:47: Reading geometry...
21:18:47: Geometry done...
21:18:47: Reading submeshes...
21:18:47: Submeshes done.
21:18:47: Reading mesh names...
21:18:47: Mesh names done.
21:18:47: XMLMeshSerializer import successful.
21:18:47: Reorganising vertex buffers to automatic layout..
21:18:47: MeshSerializer writing mesh data to paddle.mesh...
21:18:47: File header written.
21:18:47: Writing mesh data...
21:18:47: Writing submesh...
21:18:47: Exporting submesh texture aliases...
21:18:47: Submesh texture aliases exported.
21:18:47: Submesh exported.
21:18:47: Exporting bounds information....
21:18:47: Bounds information exported.
21:18:47: Exporting submesh name table...
21:18:47: Submesh name table exported.
21:18:47: Exporting edge lists...
21:18:47: Edge lists exported
21:18:47: Mesh data exported.
21:18:47: MeshSerializer export successful.
21:18:47: Unregistering ResourceManager for type Skeleton
21:18:47: Unregistering ResourceManager for type Material
21:18:47: Unregistering ResourceManager for type Mesh
